<?xml version="1.0" encoding="UTF-8"?>
<robot generator="Robot 3.1.2 (Python 3.8.5 on win32)" generated="20200727 15:34:28.150" rpa="false">
<suite id="s1" name="Test" source="C:\development\scripty\RRTC\RobotFrameworkTest\test.robot">
<test id="s1-t1" name="TC01">
<kw name="Start web-browser" type="setup">
<kw name="Open Browser" library="SeleniumLibrary">
<doc>Opens a new browser instance to the optional ``url``.</doc>
<arguments>
<arg>${URL}</arg>
<arg>${BROWSER}</arg>
</arguments>
<msg timestamp="20200727 15:34:28.477" level="INFO">Opening browser 'Chrome' to base url 'https://www.tesena.com/contact-us/'.</msg>
<status status="PASS" starttime="20200727 15:34:28.476" endtime="20200727 15:34:34.136"></status>
</kw>
<status status="PASS" starttime="20200727 15:34:28.476" endtime="20200727 15:34:34.136"></status>
</kw>
<kw name="Go To" library="SeleniumLibrary">
<doc>Navigates the current browser window to the provided ``url``.</doc>
<arguments>
<arg>https://www.alza.cz/</arg>
</arguments>
<msg timestamp="20200727 15:34:34.138" level="INFO">Opening url 'https://www.alza.cz/'</msg>
<status status="PASS" starttime="20200727 15:34:34.138" endtime="20200727 15:34:37.441"></status>
</kw>
<kw name="Close web-browser" type="teardown">
<kw name="Close Browser" library="SeleniumLibrary">
<doc>Closes the current browser.</doc>
<status status="PASS" starttime="20200727 15:34:37.443" endtime="20200727 15:34:39.888"></status>
</kw>
<status status="PASS" starttime="20200727 15:34:37.442" endtime="20200727 15:34:39.888"></status>
</kw>
<status status="PASS" starttime="20200727 15:34:28.475" endtime="20200727 15:34:39.890" critical="yes"></status>
</test>
<doc>Suite description</doc>
<status status="PASS" starttime="20200727 15:34:28.156" endtime="20200727 15:34:39.892"></status>
</suite>
<statistics>
<total>
<stat pass="1" fail="0">Critical Tests</stat>
<stat pass="1" fail="0">All Tests</stat>
</total>
<tag>
</tag>
<suite>
<stat pass="1" fail="0" id="s1" name="Test">Test</stat>
</suite>
</statistics>
<errors>
</errors>
</robot>
